{"name": "test_login_non_existing_user", "status": "broken", "statusDetails": {"message": "selenium.common.exceptions.TimeoutException: Message:", "trace": "self = <test_login_negative.TestLoginNegative object at 0x00000262FFEB4850>\n\n    @pytest.mark.tcid12\n    def test_login_non_existing_user(self):\n        print(\"*********\")\n        print(\"TEST LOGIN NON EXISTING\")\n        print(\"*********\")\n        my_account = MyAccountSignedOut(self.driver)\n        # go to my account\n        my_account.go_to_my_account()\n        # type username\n        my_account.input_login_username('asdasdeqd')\n        # type_password\n        my_account.input_login_password('a13123h1jebjh')\n        # click login\n        my_account.click_login_button()\n    \n        # verify error message\n        expected_err = 'Error: he username asdasdeqd is not registered on this site. ' \\\n                       'If you are unsure of your username, try your email address instead.'\n>       my_account.wait_until_error_is_displayed(expected_err)\n\nssqatest\\tests\\my_account\\test_login_negative.py:26: \n_ _ _ _ _ _ _ _ _ _ _ _ _ _ _ _ _ _ _ _ _ _ _ _ _ _ _ _ _ _ _ _ _ _ _ _ _ _ _ _ _ _ _ _ _ _ _ _ _ _ _ _ _ _ _ _ _ _ _ _ _ _ _ _ _ _ _ _ _ _ _ _ _ _ _ _\nssqatest\\src\\pages\\MyAccountSignedOut.py:50: in wait_until_error_is_displayed\n    self.sl.wait_until_element_contains_text(self.ERRORS_UL, exp_err)\nssqatest\\src\\Selenium_Extended.py:36: in wait_until_element_contains_text\n    WebDriverWait(self.driver, timeout).until(\n_ _ _ _ _ _ _ _ _ _ _ _ _ _ _ _ _ _ _ _ _ _ _ _ _ _ _ _ _ _ _ _ _ _ _ _ _ _ _ _ _ _ _ _ _ _ _ _ _ _ _ _ _ _ _ _ _ _ _ _ _ _ _ _ _ _ _ _ _ _ _ _ _ _ _ _\n\nself = <selenium.webdriver.support.wait.WebDriverWait (session=\"f9e7b48b6d856ab9650139d2b47acee5\")>\nmethod = <function text_to_be_present_in_element.<locals>._predicate at 0x00000262FFF5B370>, message = ''\n\n    def until(self, method, message: str = \"\"):\n        \"\"\"Calls the method provided with the driver as an argument until the \\\n        return value does not evaluate to ``False``.\n    \n        :param method: callable(WebDriver)\n        :param message: optional message for :exc:`TimeoutException`\n        :returns: the result of the last call to `method`\n        :raises: :exc:`selenium.common.exceptions.TimeoutException` if timeout occurs\n        \"\"\"\n        screen = None\n        stacktrace = None\n    \n        end_time = time.monotonic() + self._timeout\n        while True:\n            try:\n                value = method(self._driver)\n                if value:\n                    return value\n            except self._ignored_exceptions as exc:\n                screen = getattr(exc, 'screen', None)\n                stacktrace = getattr(exc, 'stacktrace', None)\n            time.sleep(self._poll)\n            if time.monotonic() > end_time:\n                break\n>       raise TimeoutException(message, screen, stacktrace)\nE       selenium.common.exceptions.TimeoutException: Message:\n\nvenv\\lib\\site-packages\\selenium\\webdriver\\support\\wait.py:90: TimeoutException"}, "attachments": [{"name": "screenshot", "source": "a9c9fd58-5823-4149-b54a-143ae4ebbc9f-attachment.png", "type": "image/png"}, {"name": "stdout", "source": "0dd73ece-ae03-4517-9d3a-fae00cb31762-attachment.txt", "type": "text/plain"}], "start": 1660564999841, "stop": 1660565012458, "uuid": "0943ffa0-1fd6-4444-9f66-e5c3984165db", "historyId": "28bf8c9394e66f085d1e78b6ad7a09cc", "testCaseId": "da60cd11f9298f2998cdc0b2c8bff9e2", "fullName": "ssqatest.tests.my_account.test_login_negative.TestLoginNegative#test_login_non_existing_user", "labels": [{"name": "tag", "value": "tcid12"}, {"name": "tag", "value": "@pytest.mark.usefixtures('init_driver')"}, {"name": "parentSuite", "value": "ssqatest.tests.my_account"}, {"name": "suite", "value": "test_login_negative"}, {"name": "subSuite", "value": "TestLoginNegative"}, {"name": "host", "value": "QT-UK-LT0992"}, {"name": "thread", "value": "1548-MainThread"}, {"name": "framework", "value": "pytest"}, {"name": "language", "value": "cpython3"}, {"name": "package", "value": "ssqatest.tests.my_account.test_login_negative"}]}